<?xml version="1.0" encoding="UTF-8"?>
<!-- Generated by org.testng.reporters.JUnitReportReporter -->
<testsuite skipped="0" hostname="f3294bb1238f" name="com.newtours.tests.BookFlightTest" tests="20" failures="0" timestamp="10 Apr 2020 07:35:54 GMT" time="67.535" errors="0">
  <testcase name="registrationPage" time="8.925" classname="com.newtours.tests.BookFlightTest"/>
  <testcase name="flightDetailsPage" time="2.293" classname="com.newtours.tests.BookFlightTest"/>
  <testcase name="registrationConfirmationPage" time="1.577" classname="com.newtours.tests.BookFlightTest"/>
  <testcase name="registrationConfirmationPage" time="1.412" classname="com.newtours.tests.BookFlightTest"/>
  <testcase name="registrationConfirmationPage" time="1.401" classname="com.newtours.tests.BookFlightTest"/>
  <testcase name="flightDetailsPage" time="2.374" classname="com.newtours.tests.BookFlightTest"/>
  <testcase name="findFlightPage" time="4.659" classname="com.newtours.tests.BookFlightTest"/>
  <testcase name="registrationConfirmationPage" time="1.695" classname="com.newtours.tests.BookFlightTest"/>
  <testcase name="flightConfirmationPage" time="1.747" classname="com.newtours.tests.BookFlightTest"/>
  <testcase name="registrationPage" time="7.103" classname="com.newtours.tests.BookFlightTest"/>
  <testcase name="registrationPage" time="6.532" classname="com.newtours.tests.BookFlightTest"/>
  <testcase name="findFlightPage" time="3.127" classname="com.newtours.tests.BookFlightTest"/>
  <testcase name="flightConfirmationPage" time="2.285" classname="com.newtours.tests.BookFlightTest"/>
  <testcase name="flightConfirmationPage" time="1.993" classname="com.newtours.tests.BookFlightTest"/>
  <testcase name="findFlightPage" time="5.055" classname="com.newtours.tests.BookFlightTest"/>
  <testcase name="flightDetailsPage" time="1.474" classname="com.newtours.tests.BookFlightTest"/>
  <testcase name="registrationPage" time="6.636" classname="com.newtours.tests.BookFlightTest"/>
  <testcase name="flightConfirmationPage" time="2.215" classname="com.newtours.tests.BookFlightTest"/>
  <testcase name="flightDetailsPage" time="1.439" classname="com.newtours.tests.BookFlightTest"/>
  <testcase name="findFlightPage" time="3.593" classname="com.newtours.tests.BookFlightTest"/>
</testsuite> <!-- com.newtours.tests.BookFlightTest -->
