<?xml version="1.0" encoding="UTF-8"?>
<!-- Generated by org.testng.reporters.JUnitReportReporter -->
<testsuite skipped="0" hostname="1e1e1099c317" name="com.searchmodule.tests.SearchTest" tests="4" failures="0" timestamp="10 Apr 2020 07:36:05 GMT" time="27.659" errors="0">
  <testcase name="search" time="6.283" classname="com.searchmodule.tests.SearchTest"/>
  <testcase name="search" time="4.240" classname="com.searchmodule.tests.SearchTest"/>
  <testcase name="search" time="8.915" classname="com.searchmodule.tests.SearchTest"/>
  <testcase name="search" time="8.221" classname="com.searchmodule.tests.SearchTest"/>
</testsuite> <!-- com.searchmodule.tests.SearchTest -->
