<?xml version="1.0" encoding="UTF-8"?>
<!-- Generated by org.testng.reporters.JUnitReportReporter -->
<testsuite skipped="0" hostname="Av-Pn-AkshayP" name="com.searchmodule.tests.SearchTest" tests="4" failures="0" timestamp="10 Apr 2020 10:13:50 GMT" time="24.388" errors="0">
  <testcase name="search" time="5.678" classname="com.searchmodule.tests.SearchTest"/>
  <testcase name="search" time="6.523" classname="com.searchmodule.tests.SearchTest"/>
  <testcase name="search" time="5.575" classname="com.searchmodule.tests.SearchTest"/>
  <testcase name="search" time="6.612" classname="com.searchmodule.tests.SearchTest"/>
</testsuite> <!-- com.searchmodule.tests.SearchTest -->
