<?xml version="1.0" encoding="UTF-8"?>
<!-- Generated by org.testng.reporters.JUnitReportReporter -->
<testsuite skipped="0" hostname="Av-Pn-AkshayP" name="com.newtours.tests.BookFlightTest" tests="20" failures="0" timestamp="09 Apr 2020 19:32:47 GMT" time="89.725" errors="0">
  <testcase name="flightConfirmationPage" time="3.607" classname="com.newtours.tests.BookFlightTest"/>
  <testcase name="registrationPage" time="11.358" classname="com.newtours.tests.BookFlightTest"/>
  <testcase name="registrationPage" time="9.022" classname="com.newtours.tests.BookFlightTest"/>
  <testcase name="flightConfirmationPage" time="10.268" classname="com.newtours.tests.BookFlightTest"/>
  <testcase name="flightConfirmationPage" time="1.684" classname="com.newtours.tests.BookFlightTest"/>
  <testcase name="registrationPage" time="6.015" classname="com.newtours.tests.BookFlightTest"/>
  <testcase name="flightDetailsPage" time="2.979" classname="com.newtours.tests.BookFlightTest"/>
  <testcase name="registrationConfirmationPage" time="1.328" classname="com.newtours.tests.BookFlightTest"/>
  <testcase name="findFlightPage" time="4.909" classname="com.newtours.tests.BookFlightTest"/>
  <testcase name="findFlightPage" time="3.487" classname="com.newtours.tests.BookFlightTest"/>
  <testcase name="flightDetailsPage" time="3.067" classname="com.newtours.tests.BookFlightTest"/>
  <testcase name="flightDetailsPage" time="1.443" classname="com.newtours.tests.BookFlightTest"/>
  <testcase name="findFlightPage" time="5.496" classname="com.newtours.tests.BookFlightTest"/>
  <testcase name="registrationConfirmationPage" time="1.595" classname="com.newtours.tests.BookFlightTest"/>
  <testcase name="registrationConfirmationPage" time="2.084" classname="com.newtours.tests.BookFlightTest"/>
  <testcase name="registrationPage" time="7.399" classname="com.newtours.tests.BookFlightTest"/>
  <testcase name="registrationConfirmationPage" time="1.363" classname="com.newtours.tests.BookFlightTest"/>
  <testcase name="findFlightPage" time="3.342" classname="com.newtours.tests.BookFlightTest"/>
  <testcase name="flightConfirmationPage" time="7.720" classname="com.newtours.tests.BookFlightTest"/>
  <testcase name="flightDetailsPage" time="1.559" classname="com.newtours.tests.BookFlightTest"/>
</testsuite> <!-- com.newtours.tests.BookFlightTest -->
